Build started 2019-08-14 오후 6:49:06.
     1>Project "C:\Users\user\Desktop\changhyeon\rush\rush\rush.vcxproj" on node 2 (Build target(s)).
     1>ClCompile:
         C:\Program Files (x86)\Microsoft Visual Studio 12.0\VC\bin\CL.exe /c /ZI /nologo /W3 /WX- /sdl /Od /Oy- /D _MBCS /Gm /EHsc /RTC1 /MDd /GS /fp:precise /Zc:wchar_t /Zc:forScope /Fo"Debug\\" /Fd"Debug\vc120.pdb" /Gd /TP /analyze- /errorReport:prompt EndingScene.cpp Maps.cpp
         Maps.cpp
         EndingScene.cpp
         Generating Code...
       Link:
         C:\Program Files (x86)\Microsoft Visual Studio 12.0\VC\bin\link.exe /ERRORREPORT:PROMPT /OUT:"C:\Users\user\Desktop\changhyeon\rush\Debug\rush.exe" /INCREMENTAL /NOLOGO kernel32.lib user32.lib gdi32.lib winspool.lib comdlg32.lib advapi32.lib shell32.lib ole32.lib oleaut32.lib uuid.lib odbc32.lib odbccp32.lib /MANIFEST /MANIFESTUAC:"level='asInvoker' uiAccess='false'" /manifest:embed /DEBUG /PDB:"C:\Users\user\Desktop\changhyeon\rush\Debug\rush.pdb" /SUBSYSTEM:CONSOLE /TLBID:1 /DYNAMICBASE /NXCOMPAT /IMPLIB:"C:\Users\user\Desktop\changhyeon\rush\Debug\rush.lib" /MACHINE:X86 Debug\ConsoleFunctions.obj
         Debug\EndingScene.obj
         Debug\GameScene.obj
         Debug\main.obj
         Debug\MainScene.obj
         Debug\Maps.obj
         Debug\Player.obj
         Debug\Point.obj
         rush.vcxproj -> C:\Users\user\Desktop\changhyeon\rush\Debug\rush.exe
     1>Done Building Project "C:\Users\user\Desktop\changhyeon\rush\rush\rush.vcxproj" (Build target(s)).

Build succeeded.

Time Elapsed 00:00:05.03
