Build started 2019-08-14 오후 6:56:44.
     1>Project "C:\Users\user\Desktop\changhyeon\rush\rush\rush.vcxproj" on node 2 (Build target(s)).
     1>ClCompile:
         C:\Program Files (x86)\Microsoft Visual Studio 12.0\VC\bin\CL.exe /c /Zi /nologo /W3 /WX- /sdl /O2 /Oi /Oy- /GL /D _MBCS /Gm- /EHsc /MD /GS /Gy /fp:precise /Zc:wchar_t /Zc:forScope /Fo"Release\\" /Fd"Release\vc120.pdb" /Gd /TP /analyze- /errorReport:prompt ConsoleFunctions.cpp EndingScene.cpp GameScene.cpp main.cpp MainScene.cpp Maps.cpp Player.cpp Point.cpp
         ConsoleFunctions.cpp
         EndingScene.cpp
         GameScene.cpp
         main.cpp
         MainScene.cpp
         Maps.cpp
         Player.cpp
         Point.cpp
       Link:
         C:\Program Files (x86)\Microsoft Visual Studio 12.0\VC\bin\link.exe /ERRORREPORT:PROMPT /OUT:"C:\Users\user\Desktop\changhyeon\rush\Release\rush.exe" /NOLOGO kernel32.lib user32.lib gdi32.lib winspool.lib comdlg32.lib advapi32.lib shell32.lib ole32.lib oleaut32.lib uuid.lib odbc32.lib odbccp32.lib /MANIFEST /MANIFESTUAC:"level='asInvoker' uiAccess='false'" /manifest:embed /DEBUG /PDB:"C:\Users\user\Desktop\changhyeon\rush\Release\rush.pdb" /OPT:REF /OPT:ICF /LTCG /TLBID:1 /DYNAMICBASE /NXCOMPAT /IMPLIB:"C:\Users\user\Desktop\changhyeon\rush\Release\rush.lib" /MACHINE:X86 /SAFESEH Release\ConsoleFunctions.obj
         Release\EndingScene.obj
         Release\GameScene.obj
         Release\main.obj
         Release\MainScene.obj
         Release\Maps.obj
         Release\Player.obj
         Release\Point.obj
         Generating code
         Finished generating code
         rush.vcxproj -> C:\Users\user\Desktop\changhyeon\rush\Release\rush.exe
     1>Done Building Project "C:\Users\user\Desktop\changhyeon\rush\rush\rush.vcxproj" (Build target(s)).

Build succeeded.

Time Elapsed 00:00:13.78
